TN:
SF:src/index.ts
FN:1,(empty-report)
FNF:1
FNH:0
FNDA:0,(empty-report)
DA:1,0
DA:2,0
DA:3,0
DA:4,0
DA:5,0
DA:6,0
DA:7,0
DA:9,0
DA:10,0
DA:11,0
DA:13,0
DA:14,0
DA:16,0
DA:17,0
DA:19,0
DA:21,0
DA:22,0
DA:24,0
DA:25,0
DA:26,0
DA:27,0
DA:28,0
DA:29,0
DA:30,0
DA:31,0
DA:33,0
DA:34,0
DA:35,0
DA:37,0
DA:38,0
DA:39,0
DA:40,0
LF:32
LH:0
BRDA:1,0,0,0
BRF:1
BRH:0
end_of_record
TN:
SF:src/config/index.ts
FNF:0
FNH:0
DA:1,1
DA:2,1
DA:3,1
DA:4,1
DA:7,1
DA:8,1
DA:9,1
DA:13,1
DA:14,1
DA:15,1
DA:16,1
DA:18,1
DA:19,1
DA:20,1
DA:21,1
DA:22,1
DA:23,1
DA:24,1
DA:26,1
DA:28,1
DA:29,1
DA:30,1
DA:31,1
DA:32,1
DA:33,1
DA:34,1
DA:36,1
LF:27
LH:27
BRDA:13,0,0,2
BRDA:13,1,0,1
BRDA:28,2,0,1
BRF:3
BRH:3
end_of_record
TN:
SF:src/core/Bot.ts
FN:1,(empty-report)
FNF:1
FNH:0
FNDA:0,(empty-report)
DA:1,0
DA:5,0
DA:6,0
DA:8,0
DA:9,0
DA:11,0
DA:12,0
DA:13,0
DA:14,0
DA:16,0
DA:17,0
DA:18,0
DA:19,0
DA:20,0
DA:21,0
DA:23,0
DA:24,0
DA:25,0
DA:26,0
DA:27,0
DA:28,0
DA:29,0
DA:30,0
DA:32,0
DA:33,0
DA:34,0
DA:35,0
DA:37,0
DA:38,0
DA:39,0
DA:41,0
DA:42,0
DA:43,0
DA:44,0
LF:34
LH:0
BRDA:1,0,0,0
BRF:1
BRH:0
end_of_record
TN:
SF:src/core/EventBus.ts
FN:9,emitEvent
FN:12,onEvent
FNF:2
FNH:1
FNDA:18,emitEvent
FNDA:0,onEvent
DA:1,1
DA:8,1
DA:9,1
DA:10,18
DA:11,18
DA:12,1
DA:13,0
DA:14,0
DA:15,0
DA:16,1
DA:18,1
LF:11
LH:8
BRDA:9,0,0,18
BRF:1
BRH:1
end_of_record
TN:
SF:src/core/Healthcheck.ts
FN:1,(empty-report)
FNF:1
FNH:0
FNDA:0,(empty-report)
DA:1,0
DA:2,0
DA:4,0
DA:5,0
DA:7,0
DA:9,0
DA:11,0
DA:12,0
DA:13,0
DA:15,0
DA:16,0
DA:17,0
DA:19,0
DA:20,0
LF:14
LH:0
BRDA:1,0,0,0
BRF:1
BRH:0
end_of_record
TN:
SF:src/core/Logger.ts
FNF:0
FNH:0
DA:1,1
DA:2,1
DA:4,1
DA:5,1
DA:6,1
DA:7,1
DA:8,1
DA:9,1
DA:10,1
DA:11,1
DA:12,1
DA:13,1
DA:14,0
DA:16,1
DA:17,1
DA:18,1
DA:19,1
LF:17
LH:16
BRDA:13,0,0,0
BRF:1
BRH:0
end_of_record
TN:
SF:src/core/RedisClient.ts
FN:1,(empty-report)
FNF:1
FNH:0
FNDA:0,(empty-report)
DA:1,0
DA:2,0
DA:4,0
DA:6,0
DA:7,0
DA:8,0
DA:9,0
DA:10,0
DA:11,0
DA:12,0
DA:13,0
DA:14,0
LF:12
LH:0
BRDA:1,0,0,0
BRF:1
BRH:0
end_of_record
TN:
SF:src/core/ScoreHandler.ts
FN:14,USER_KEY
FN:16,validateInitData
FN:44,extractUser
FN:57,setupScoreHandling
FNF:4
FNH:4
FNDA:33,USER_KEY
FNDA:19,validateInitData
FNDA:19,extractUser
FNDA:6,setupScoreHandling
DA:2,1
DA:3,1
DA:4,1
DA:6,1
DA:9,1
DA:10,1
DA:12,1
DA:13,1
DA:14,1
DA:16,19
DA:17,19
DA:18,19
DA:19,19
DA:21,19
DA:22,19
DA:23,19
DA:24,19
DA:25,19
DA:27,19
DA:28,19
DA:29,19
DA:30,19
DA:31,19
DA:32,19
DA:33,19
DA:34,19
DA:36,19
DA:37,19
DA:38,19
DA:39,19
DA:41,0
DA:42,0
DA:44,19
DA:45,19
DA:46,19
DA:47,19
DA:48,19
DA:49,19
DA:50,19
DA:51,19
DA:52,19
DA:53,0
DA:54,0
DA:55,19
DA:57,1
DA:59,6
DA:61,0
DA:62,0
DA:63,0
DA:64,0
DA:65,0
DA:66,0
DA:67,0
DA:68,0
DA:69,6
DA:72,6
DA:73,0
DA:74,0
DA:75,0
DA:76,0
DA:77,0
DA:78,0
DA:79,0
DA:80,0
DA:81,0
DA:82,0
DA:83,0
DA:84,0
DA:85,6
DA:88,6
DA:89,0
DA:90,0
DA:91,0
DA:92,0
DA:93,0
DA:94,0
DA:95,0
DA:96,0
DA:97,0
DA:98,0
DA:99,0
DA:100,0
DA:101,0
DA:102,0
DA:103,0
DA:104,0
DA:105,0
DA:106,0
DA:107,0
DA:108,0
DA:109,0
DA:110,0
DA:111,0
DA:112,0
DA:113,0
DA:114,0
DA:115,0
DA:116,6
DA:118,6
DA:119,0
DA:120,0
DA:121,0
DA:122,0
DA:123,0
DA:124,0
DA:125,0
DA:127,0
DA:128,0
DA:129,0
DA:130,0
DA:131,0
DA:132,0
DA:133,0
DA:134,0
DA:135,0
DA:136,0
DA:137,0
DA:138,0
DA:139,0
DA:140,6
DA:142,6
DA:143,0
DA:144,0
DA:145,0
DA:146,0
DA:147,0
DA:148,0
DA:149,0
DA:150,0
DA:151,0
DA:152,0
DA:153,0
DA:154,0
DA:155,0
DA:156,0
DA:157,0
DA:158,0
DA:159,0
DA:160,0
DA:161,0
DA:162,0
DA:163,0
DA:164,0
DA:165,6
DA:168,6
DA:169,0
DA:170,0
DA:171,0
DA:172,0
DA:173,0
DA:174,0
DA:175,0
DA:176,0
DA:177,6
DA:179,6
DA:180,19
DA:182,19
DA:183,0
DA:184,0
DA:186,19
DA:187,19
DA:189,19
DA:191,0
DA:192,0
DA:193,0
DA:194,0
DA:195,0
DA:197,19
DA:198,0
DA:199,0
DA:200,0
DA:202,19
DA:203,19
DA:204,0
DA:205,0
DA:207,19
DA:209,19
DA:212,19
DA:213,19
DA:214,19
DA:215,19
DA:216,19
DA:217,19
DA:218,19
DA:219,19
DA:220,19
DA:221,19
DA:222,0
DA:223,0
DA:224,19
DA:225,0
DA:226,0
DA:234,19
DA:235,19
DA:236,19
DA:238,19
DA:239,19
DA:240,19
DA:241,18
DA:242,18
DA:243,18
DA:244,18
DA:245,19
DA:246,0
DA:247,0
DA:248,0
DA:249,19
DA:250,0
DA:251,0
DA:253,19
DA:254,19
DA:255,19
DA:256,19
DA:257,1
DA:258,0
DA:259,0
DA:260,0
DA:261,0
DA:264,0
DA:265,0
DA:266,0
DA:267,0
DA:268,0
DA:269,0
DA:270,0
DA:271,0
DA:272,0
DA:273,0
DA:274,0
DA:275,0
DA:276,1
DA:277,1
DA:278,1
DA:279,1
DA:280,1
DA:281,1
DA:283,1
DA:284,1
DA:285,1
DA:286,1
DA:287,1
DA:288,1
DA:289,1
DA:290,3
DA:291,3
DA:292,1
DA:293,1
DA:294,1
DA:295,1
DA:296,1
DA:297,1
DA:298,1
DA:300,18
DA:301,18
DA:302,19
DA:303,0
DA:304,0
DA:305,0
DA:306,6
DA:309,6
DA:310,0
DA:311,0
DA:312,0
DA:313,0
DA:314,0
DA:315,0
DA:316,0
DA:317,0
DA:318,0
DA:319,0
DA:320,0
DA:321,0
DA:322,0
DA:323,6
DA:326,6
DA:327,0
DA:328,0
DA:329,0
DA:330,0
DA:331,0
DA:332,0
DA:333,0
DA:334,0
DA:335,0
DA:336,0
DA:337,0
DA:338,6
DA:341,6
DA:342,5
DA:343,5
DA:344,5
DA:345,5
DA:346,5
DA:347,5
DA:348,5
DA:349,14
DA:350,14
DA:351,14
DA:352,14
DA:353,14
DA:354,14
DA:355,5
DA:356,0
DA:357,0
DA:358,0
DA:359,0
DA:360,0
DA:361,0
DA:362,5
DA:363,5
DA:364,0
DA:365,0
DA:366,0
DA:367,6
DA:368,6
LF:315
LH:141
BRDA:14,0,0,33
BRDA:16,1,0,19
BRDA:19,2,0,0
BRDA:38,3,0,0
BRDA:39,4,0,0
BRDA:23,5,0,76
BRDA:24,6,0,57
BRDA:44,7,0,19
BRDA:48,8,0,0
BRDA:52,9,0,0
BRDA:57,10,0,6
BRDA:179,11,0,19
BRDA:182,12,0,0
BRDA:189,13,0,0
BRDA:189,14,0,0
BRDA:197,15,0,0
BRDA:203,16,0,0
BRDA:207,17,0,18
BRDA:207,18,0,1
BRDA:207,19,0,0
BRDA:217,20,0,1
BRDA:218,21,0,18
BRDA:219,22,0,18
BRDA:221,23,0,0
BRDA:224,24,0,0
BRDA:239,25,0,2
BRDA:239,26,0,17
BRDA:240,27,0,18
BRDA:245,28,0,0
BRDA:249,29,0,0
BRDA:256,30,0,1
BRDA:257,31,0,0
BRDA:298,32,0,18
BRDA:302,33,0,0
BRDA:239,34,0,68
BRDA:289,35,0,3
BRDA:290,36,0,1
BRDA:290,37,0,2
BRDA:290,38,0,0
BRDA:341,39,0,5
BRDA:348,40,0,14
BRDA:352,41,0,13
BRDA:352,42,0,1
BRDA:352,43,0,0
BRDA:355,44,0,0
BRDA:363,45,0,0
BRF:46
BRH:25
end_of_record
TN:
SF:src/core/SessionStore.ts
FN:1,(empty-report)
FNF:1
FNH:1
FNDA:1,(empty-report)
DA:3,0
DA:5,0
DA:6,0
DA:7,0
DA:9,0
DA:10,0
DA:11,0
DA:12,0
DA:13,0
DA:14,0
DA:15,0
DA:16,0
DA:17,0
DA:19,0
DA:20,0
DA:21,0
DA:22,0
DA:23,0
DA:24,0
DA:25,0
DA:26,0
LF:21
LH:0
BRDA:1,0,0,1
BRF:1
BRH:1
end_of_record
TN:
SF:src/handlers/command.handler.ts
FN:1,(empty-report)
FNF:1
FNH:1
FNDA:1,(empty-report)
DA:2,0
DA:4,0
DA:5,0
DA:6,0
DA:7,0
DA:9,0
DA:10,0
DA:11,0
DA:13,0
DA:14,0
DA:15,0
DA:16,0
LF:12
LH:0
BRDA:1,0,0,1
BRF:1
BRH:1
end_of_record
TN:
SF:src/handlers/game.handler.ts
FN:1,(empty-report)
FNF:1
FNH:1
FNDA:1,(empty-report)
DA:2,0
DA:4,0
DA:5,0
DA:6,0
DA:7,0
DA:8,0
DA:10,0
DA:11,0
DA:13,0
DA:14,0
DA:15,0
DA:16,0
DA:17,0
DA:18,0
DA:21,0
DA:22,0
DA:23,0
DA:24,0
DA:25,0
DA:26,0
DA:27,0
DA:28,0
DA:29,0
DA:30,0
DA:31,0
DA:33,0
DA:34,0
DA:35,0
DA:36,0
DA:38,0
DA:39,0
DA:40,0
DA:41,0
DA:42,0
DA:45,0
DA:46,0
DA:47,0
DA:48,0
DA:49,0
DA:52,0
DA:53,0
DA:54,0
DA:55,0
DA:56,0
DA:57,0
DA:58,0
DA:59,0
DA:60,0
DA:61,0
DA:62,0
DA:63,0
DA:64,0
DA:65,0
DA:66,0
DA:67,0
DA:68,0
DA:70,0
DA:71,0
DA:72,0
DA:73,0
DA:74,0
DA:75,0
DA:76,0
DA:77,0
DA:78,0
DA:79,0
DA:80,0
DA:81,0
DA:82,0
DA:83,0
DA:84,0
DA:85,0
DA:86,0
DA:88,0
DA:90,0
DA:91,0
DA:92,0
DA:93,0
DA:94,0
DA:95,0
LF:80
LH:0
BRDA:1,0,0,1
BRF:1
BRH:1
end_of_record
TN:
SF:src/types/supertest.d.ts
FN:1,(empty-report)
FNF:1
FNH:1
FNDA:1,(empty-report)
LF:0
LH:0
BRDA:1,0,0,1
BRF:1
BRH:1
end_of_record
